<?xml version="1.0" encoding="UTF-8"?>
<testng-results skipped="0" failed="1" ignored="4" total="7" passed="2">
  <reporter-output>
    <line>
      <![CDATA[Extent Report directory: C:\Users\mehmet\Documents\myprojects\automation_test\AutomationTest\NYT\target\surefire-reports\html]]>
    </line>
    <line>
      <![CDATA[Epic: Metro AC:1,2 <a https://peoplentch.atlassian.net/browse/GREEN-7> GREEN-7 </a>]]>
    </line>
    <line>
      <![CDATA[Launch local browser Instance]]>
    </line>
    <line>
      <![CDATA[SectionMenu: sentionmenus]]>
    </line>
    <line>
      <![CDATA[Epic: Metro AC:1,2 <a https://peoplentch.atlassian.net/browse/GREEN-7> GREEN-7 </a>]]>
    </line>
    <line>
      <![CDATA[Launch local browser Instance]]>
    </line>
    <line>
      <![CDATA[PlayVideo: playvideo]]>
    </line>
    <line>
      <![CDATA[Epic: Metro AC:1,2 <a https://peoplentch.atlassian.net/browse/GREEN-7> GREEN-7 </a>]]>
    </line>
    <line>
      <![CDATA[Launch local browser Instance]]>
    </line>
    <line>
      <![CDATA[ShowWeather: weather Forcast]]>
    </line>
  </reporter-output>
  <suite name="NYT" duration-ms="162260" started-at="2017-05-28T06:01:04Z" finished-at="2017-05-28T06:03:46Z">
    <groups>
    </groups>
    <test name="testNYT" duration-ms="162260" started-at="2017-05-28T06:01:04Z" finished-at="2017-05-28T06:03:46Z">
      <class name="testHomePage.TestShowWeather">
        <test-method status="PASS" signature="setUp(boolean, java.lang.String, java.lang.String, java.lang.String, java.lang.String, java.lang.String, java.lang.String)[pri:0, instance:testHomePage.TestShowWeather@6537cf78]" name="setUp" is-config="true" duration-ms="34738" started-at="2017-05-28T02:02:43Z" finished-at="2017-05-28T02:03:18Z">
          <params>
            <param index="0">
              <value>
                <![CDATA[false]]>
              </value>
            </param>
            <param index="1">
              <value>
                <![CDATA[browserstack]]>
              </value>
            </param>
            <param index="2">
              <value>
                <![CDATA[Windows]]>
              </value>
            </param>
            <param index="3">
              <value>
                <![CDATA[10]]>
              </value>
            </param>
            <param index="4">
              <value>
                <![CDATA[firefox]]>
              </value>
            </param>
            <param index="5">
              <value>
                <![CDATA[53.0]]>
              </value>
            </param>
            <param index="6">
              <value>
                <![CDATA[https://www.nytimes.com]]>
              </value>
            </param>
          </params>
          <reporter-output>
          </reporter-output>
        </test-method> <!-- setUp -->
        <test-method status="PASS" signature="startExtent(java.lang.reflect.Method)[pri:0, instance:testHomePage.TestShowWeather@6537cf78]" name="startExtent" is-config="true" duration-ms="1" started-at="2017-05-28T02:03:18Z" finished-at="2017-05-28T02:03:18Z">
          <params>
            <param index="0">
              <value>
                <![CDATA[public void testHomePage.TestShowWeather.showWather()]]>
              </value>
            </param>
          </params>
          <reporter-output>
          </reporter-output>
        </test-method> <!-- startExtent -->
        <test-method status="FAIL" signature="showWather()[pri:0, instance:testHomePage.TestShowWeather@6537cf78]" name="showWather" duration-ms="20297" started-at="2017-05-28T02:03:18Z" finished-at="2017-05-28T02:03:38Z">
          <exception class="org.openqa.selenium.NoSuchElementException">
            <message>
              <![CDATA[Unable to locate element: //*[@class='icon sprite-icon weather-icon icon-weather-12 w24']
For documentation on this error, please visit: http://seleniumhq.org/exceptions/no_such_element.html
Build info: version: '3.4.0', revision: 'unknown', time: 'unknown'
System info: host: 'DESKTOP-AF5L4ES', ip: '169.254.255.155', os.name: 'Windows 10', os.arch: 'amd64', os.version: '10.0', java.version: '1.8.0_121'
Driver info: org.openqa.selenium.firefox.FirefoxDriver
Capabilities [{moz:profile=C:\Users\mehmet\AppData\Local\Temp\rust_mozprofile.V9XKwxiDubDa, rotatable=false, timeouts={implicit=0.0, pageLoad=300000.0, script=30000.0}, pageLoadStrategy=normal, platform=ANY, specificationLevel=0.0, moz:accessibilityChecks=false, acceptInsecureCerts=false, browserVersion=53.0.3, platformVersion=10.0, moz:processID=4452.0, browserName=firefox, javascriptEnabled=true, platformName=windows_nt}]
Session ID: d8b08156-daa8-4216-9e25-b12ee57261dc
*** Element info: {Using=xpath, value=//*[@class='icon sprite-icon weather-icon icon-weather-12 w24']}]]>
            </message>
            <full-stacktrace>
              <![CDATA[org.openqa.selenium.NoSuchElementException: Unable to locate element: //*[@class='icon sprite-icon weather-icon icon-weather-12 w24']
For documentation on this error, please visit: http://seleniumhq.org/exceptions/no_such_element.html
Build info: version: '3.4.0', revision: 'unknown', time: 'unknown'
System info: host: 'DESKTOP-AF5L4ES', ip: '169.254.255.155', os.name: 'Windows 10', os.arch: 'amd64', os.version: '10.0', java.version: '1.8.0_121'
Driver info: org.openqa.selenium.firefox.FirefoxDriver
Capabilities [{moz:profile=C:\Users\mehmet\AppData\Local\Temp\rust_mozprofile.V9XKwxiDubDa, rotatable=false, timeouts={implicit=0.0, pageLoad=300000.0, script=30000.0}, pageLoadStrategy=normal, platform=ANY, specificationLevel=0.0, moz:accessibilityChecks=false, acceptInsecureCerts=false, browserVersion=53.0.3, platformVersion=10.0, moz:processID=4452.0, browserName=firefox, javascriptEnabled=true, platformName=windows_nt}]
Session ID: d8b08156-daa8-4216-9e25-b12ee57261dc
*** Element info: {Using=xpath, value=//*[@class='icon sprite-icon weather-icon icon-weather-12 w24']}
	at sun.reflect.NativeConstructorAccessorImpl.newInstance0(Native Method)
	at sun.reflect.NativeConstructorAccessorImpl.newInstance(NativeConstructorAccessorImpl.java:62)
	at sun.reflect.DelegatingConstructorAccessorImpl.newInstance(DelegatingConstructorAccessorImpl.java:45)
	at java.lang.reflect.Constructor.newInstance(Constructor.java:423)
	at org.openqa.selenium.remote.http.W3CHttpResponseCodec.createException(W3CHttpResponseCodec.java:150)
	at org.openqa.selenium.remote.http.W3CHttpResponseCodec.decode(W3CHttpResponseCodec.java:115)
	at org.openqa.selenium.remote.http.W3CHttpResponseCodec.decode(W3CHttpResponseCodec.java:45)
	at org.openqa.selenium.remote.HttpCommandExecutor.execute(HttpCommandExecutor.java:164)
	at org.openqa.selenium.remote.service.DriverCommandExecutor.execute(DriverCommandExecutor.java:82)
	at org.openqa.selenium.remote.RemoteWebDriver.execute(RemoteWebDriver.java:637)
	at org.openqa.selenium.remote.RemoteWebDriver.findElement(RemoteWebDriver.java:410)
	at org.openqa.selenium.remote.RemoteWebDriver.findElementByXPath(RemoteWebDriver.java:509)
	at org.openqa.selenium.By$ByXPath.findElement(By.java:361)
	at org.openqa.selenium.remote.RemoteWebDriver.findElement(RemoteWebDriver.java:402)
	at HomePage.ShowWeather.weatherForcast(ShowWeather.java:23)
	at testHomePage.TestShowWeather.showWather(TestShowWeather.java:17)
	at sun.reflect.NativeMethodAccessorImpl.invoke0(Native Method)
	at sun.reflect.NativeMethodAccessorImpl.invoke(NativeMethodAccessorImpl.java:62)
	at sun.reflect.DelegatingMethodAccessorImpl.invoke(DelegatingMethodAccessorImpl.java:43)
	at java.lang.reflect.Method.invoke(Method.java:498)
	at org.testng.internal.MethodInvocationHelper.invokeMethod(MethodInvocationHelper.java:108)
	at org.testng.internal.Invoker.invokeMethod(Invoker.java:661)
	at org.testng.internal.Invoker.invokeTestMethod(Invoker.java:869)
	at org.testng.internal.Invoker.invokeTestMethods(Invoker.java:1193)
	at org.testng.internal.TestMethodWorker.invokeTestMethods(TestMethodWorker.java:126)
	at org.testng.internal.TestMethodWorker.run(TestMethodWorker.java:109)
	at org.testng.TestRunner.privateRun(TestRunner.java:744)
	at org.testng.TestRunner.run(TestRunner.java:602)
	at org.testng.SuiteRunner.runTest(SuiteRunner.java:380)
	at org.testng.SuiteRunner.access$000(SuiteRunner.java:39)
	at org.testng.SuiteRunner$SuiteWorker.run(SuiteRunner.java:414)
	at org.testng.internal.thread.ThreadUtil$1.call(ThreadUtil.java:52)
	at java.util.concurrent.FutureTask.run(FutureTask.java:266)
	at java.util.concurrent.ThreadPoolExecutor.runWorker(ThreadPoolExecutor.java:1142)
	at java.util.concurrent.ThreadPoolExecutor$Worker.run(ThreadPoolExecutor.java:617)
	at java.lang.Thread.run(Thread.java:745)
]]>
            </full-stacktrace>
          </exception> <!-- org.openqa.selenium.NoSuchElementException -->
          <reporter-output>
            <line>
              <![CDATA[Epic: Metro AC:1,2 <a https://peoplentch.atlassian.net/browse/GREEN-7> GREEN-7 </a>]]>
            </line>
            <line>
              <![CDATA[Launch local browser Instance]]>
            </line>
            <line>
              <![CDATA[ShowWeather: weather Forcast]]>
            </line>
          </reporter-output>
        </test-method> <!-- showWather -->
        <test-method status="PASS" signature="afterEachTestMethod(org.testng.ITestResult)[pri:0, instance:testHomePage.TestShowWeather@6537cf78]" name="afterEachTestMethod" is-config="true" duration-ms="7436" started-at="2017-05-28T02:03:39Z" finished-at="2017-05-28T02:03:46Z">
          <params>
            <param index="0">
              <value>
                <![CDATA[[TestResult name=showWather status=FAILURE method=TestShowWeather.showWather()[pri:0, instance:testHomePage.TestShowWeather@6537cf78] output=Epic: Metro AC:1,2 <a https://peoplentch.atlassian.net/browse/GREEN-7> GREEN-7 </a>]]]>
              </value>
            </param>
          </params>
          <reporter-output>
          </reporter-output>
        </test-method> <!-- afterEachTestMethod -->
        <test-method status="PASS" signature="cleanUp()[pri:0, instance:testHomePage.TestShowWeather@6537cf78]" name="cleanUp" is-config="true" duration-ms="0" started-at="2017-05-28T02:03:46Z" finished-at="2017-05-28T02:03:46Z">
          <reporter-output>
          </reporter-output>
        </test-method> <!-- cleanUp -->
      </class> <!-- testHomePage.TestShowWeather -->
      <class name="testHomePage.TestPlayVideo">
        <test-method status="PASS" signature="setUp(boolean, java.lang.String, java.lang.String, java.lang.String, java.lang.String, java.lang.String, java.lang.String)[pri:0, instance:testHomePage.TestPlayVideo@617c74e5]" name="setUp" is-config="true" duration-ms="26192" started-at="2017-05-28T02:02:01Z" finished-at="2017-05-28T02:02:27Z">
          <params>
            <param index="0">
              <value>
                <![CDATA[false]]>
              </value>
            </param>
            <param index="1">
              <value>
                <![CDATA[browserstack]]>
              </value>
            </param>
            <param index="2">
              <value>
                <![CDATA[Windows]]>
              </value>
            </param>
            <param index="3">
              <value>
                <![CDATA[10]]>
              </value>
            </param>
            <param index="4">
              <value>
                <![CDATA[firefox]]>
              </value>
            </param>
            <param index="5">
              <value>
                <![CDATA[53.0]]>
              </value>
            </param>
            <param index="6">
              <value>
                <![CDATA[https://www.nytimes.com]]>
              </value>
            </param>
          </params>
          <reporter-output>
          </reporter-output>
        </test-method> <!-- setUp -->
        <test-method status="PASS" signature="startExtent(java.lang.reflect.Method)[pri:0, instance:testHomePage.TestPlayVideo@617c74e5]" name="startExtent" is-config="true" duration-ms="12" started-at="2017-05-28T02:02:27Z" finished-at="2017-05-28T02:02:27Z">
          <params>
            <param index="0">
              <value>
                <![CDATA[public void testHomePage.TestPlayVideo.testPlayVideo() throws java.lang.InterruptedException]]>
              </value>
            </param>
          </params>
          <reporter-output>
          </reporter-output>
        </test-method> <!-- startExtent -->
        <test-method status="PASS" signature="testPlayVideo()[pri:0, instance:testHomePage.TestPlayVideo@617c74e5]" name="testPlayVideo" duration-ms="11301" started-at="2017-05-28T02:02:27Z" finished-at="2017-05-28T02:02:38Z">
          <reporter-output>
            <line>
              <![CDATA[Epic: Metro AC:1,2 <a https://peoplentch.atlassian.net/browse/GREEN-7> GREEN-7 </a>]]>
            </line>
            <line>
              <![CDATA[Launch local browser Instance]]>
            </line>
            <line>
              <![CDATA[PlayVideo: playvideo]]>
            </line>
          </reporter-output>
        </test-method> <!-- testPlayVideo -->
        <test-method status="PASS" signature="afterEachTestMethod(org.testng.ITestResult)[pri:0, instance:testHomePage.TestPlayVideo@617c74e5]" name="afterEachTestMethod" is-config="true" duration-ms="4878" started-at="2017-05-28T02:02:38Z" finished-at="2017-05-28T02:02:43Z">
          <params>
            <param index="0">
              <value>
                <![CDATA[[TestResult name=testPlayVideo status=SUCCESS method=TestPlayVideo.testPlayVideo()[pri:0, instance:testHomePage.TestPlayVideo@617c74e5] output=Epic: Metro AC:1,2 <a https://peoplentch.atlassian.net/browse/GREEN-7> GREEN-7 </a>]]]>
              </value>
            </param>
          </params>
          <reporter-output>
          </reporter-output>
        </test-method> <!-- afterEachTestMethod -->
        <test-method status="PASS" signature="cleanUp()[pri:0, instance:testHomePage.TestPlayVideo@617c74e5]" name="cleanUp" is-config="true" duration-ms="4" started-at="2017-05-28T02:02:43Z" finished-at="2017-05-28T02:02:43Z">
          <reporter-output>
          </reporter-output>
        </test-method> <!-- cleanUp -->
      </class> <!-- testHomePage.TestPlayVideo -->
      <class name="testHomePage.TestSectionMenu">
        <test-method status="PASS" signature="extentSetup(org.testng.ITestContext)[pri:0, instance:testHomePage.TestSectionMenu@2d3fcdbd]" name="extentSetup" is-config="true" duration-ms="440" started-at="2017-05-28T02:01:03Z" finished-at="2017-05-28T02:01:04Z">
          <params>
            <param index="0">
              <value>
                <![CDATA[org.testng.TestRunner@58fdd99]]>
              </value>
            </param>
          </params>
          <reporter-output>
            <line>
              <![CDATA[Extent Report directory: C:\Users\mehmet\Documents\myprojects\automation_test\AutomationTest\NYT\target\surefire-reports\html]]>
            </line>
          </reporter-output>
        </test-method> <!-- extentSetup -->
        <test-method status="PASS" signature="setUp(boolean, java.lang.String, java.lang.String, java.lang.String, java.lang.String, java.lang.String, java.lang.String)[pri:0, instance:testHomePage.TestSectionMenu@2d3fcdbd]" name="setUp" is-config="true" duration-ms="47863" started-at="2017-05-28T02:01:04Z" finished-at="2017-05-28T02:01:52Z">
          <params>
            <param index="0">
              <value>
                <![CDATA[false]]>
              </value>
            </param>
            <param index="1">
              <value>
                <![CDATA[browserstack]]>
              </value>
            </param>
            <param index="2">
              <value>
                <![CDATA[Windows]]>
              </value>
            </param>
            <param index="3">
              <value>
                <![CDATA[10]]>
              </value>
            </param>
            <param index="4">
              <value>
                <![CDATA[firefox]]>
              </value>
            </param>
            <param index="5">
              <value>
                <![CDATA[53.0]]>
              </value>
            </param>
            <param index="6">
              <value>
                <![CDATA[https://www.nytimes.com]]>
              </value>
            </param>
          </params>
          <reporter-output>
          </reporter-output>
        </test-method> <!-- setUp -->
        <test-method status="PASS" signature="startExtent(java.lang.reflect.Method)[pri:0, instance:testHomePage.TestSectionMenu@2d3fcdbd]" name="startExtent" is-config="true" duration-ms="25" started-at="2017-05-28T02:01:52Z" finished-at="2017-05-28T02:01:52Z">
          <params>
            <param index="0">
              <value>
                <![CDATA[public void testHomePage.TestSectionMenu.testSectionMenu() throws java.lang.InterruptedException]]>
              </value>
            </param>
          </params>
          <reporter-output>
          </reporter-output>
        </test-method> <!-- startExtent -->
        <test-method status="PASS" signature="testSectionMenu()[pri:0, instance:testHomePage.TestSectionMenu@2d3fcdbd]" name="testSectionMenu" duration-ms="4524" started-at="2017-05-28T02:01:52Z" finished-at="2017-05-28T02:01:56Z">
          <reporter-output>
            <line>
              <![CDATA[Epic: Metro AC:1,2 <a https://peoplentch.atlassian.net/browse/GREEN-7> GREEN-7 </a>]]>
            </line>
            <line>
              <![CDATA[Launch local browser Instance]]>
            </line>
            <line>
              <![CDATA[SectionMenu: sentionmenus]]>
            </line>
          </reporter-output>
        </test-method> <!-- testSectionMenu -->
        <test-method status="PASS" signature="afterEachTestMethod(org.testng.ITestResult)[pri:0, instance:testHomePage.TestSectionMenu@2d3fcdbd]" name="afterEachTestMethod" is-config="true" duration-ms="4798" started-at="2017-05-28T02:01:56Z" finished-at="2017-05-28T02:02:01Z">
          <params>
            <param index="0">
              <value>
                <![CDATA[[TestResult name=testSectionMenu status=SUCCESS method=TestSectionMenu.testSectionMenu()[pri:0, instance:testHomePage.TestSectionMenu@2d3fcdbd] output=Epic: Metro AC:1,2 <a https://peoplentch.atlassian.net/browse/GREEN-7> GREEN-7 </a>]]]>
              </value>
            </param>
          </params>
          <reporter-output>
          </reporter-output>
        </test-method> <!-- afterEachTestMethod -->
        <test-method status="PASS" signature="cleanUp()[pri:0, instance:testHomePage.TestSectionMenu@2d3fcdbd]" name="cleanUp" is-config="true" duration-ms="0" started-at="2017-05-28T02:02:01Z" finished-at="2017-05-28T02:02:01Z">
          <reporter-output>
          </reporter-output>
        </test-method> <!-- cleanUp -->
        <test-method status="PASS" signature="generateReport()[pri:0, instance:testHomePage.TestSectionMenu@2d3fcdbd]" name="generateReport" is-config="true" duration-ms="223" started-at="2017-05-28T02:03:46Z" finished-at="2017-05-28T02:03:46Z">
          <reporter-output>
          </reporter-output>
        </test-method> <!-- generateReport -->
      </class> <!-- testHomePage.TestSectionMenu -->
    </test> <!-- testNYT -->
  </suite> <!-- NYT -->
</testng-results>
